<?xml version="1.0" encoding="UTF-8"?>
<testsuite xmlns:xsi="http://www.w3.org/2001/XMLSchema-instance" xsi:noNamespaceSchemaLocation="https://maven.apache.org/surefire/maven-surefire-plugin/xsd/surefire-test-report.xsd" name="CalculadoraTest" time="0.106" tests="3" errors="0" skipped="0" failures="0">
  <properties>
[...]
</properties>
  <testcase name="testSoma" classname="CalculadoraTest" time="0.068"/>
  <testcase name="testDividirPorZero" classname="CalculadoraTest" time="0.01"/>
  <testcase name="testDividir" classname="CalculadoraTest" time="0.002"/>
</testsuite>